<?xml version="1.0" encoding="utf-8" standalone="no"?>
<!--This file represents the results of running a test suite-->
<test-results name="C:\personal-training-martial-arts\personal-training-martial-arts.Tests\personal-training-martial-arts.Tests.csproj" total="8" errors="0" failures="0" not-run="0" inconclusive="0" ignored="0" skipped="0" invalid="0" date="2012-11-02" time="19:18:04">
  <environment nunit-version="2.6.1.12217" clr-version="2.0.50727.4927" os-version="Microsoft Windows NT 6.1.7600.0" platform="Win32NT" cwd="C:\personal-training-martial-arts" machine-name="JRUIZ-WIN7" user="jruiz" user-domain="jruiz-win7" />
  <culture-info current-culture="es-ES" current-uiculture="es-ES" />
  <test-suite type="Project" name="C:\personal-training-martial-arts\personal-training-martial-arts.Tests\personal-training-martial-arts.Tests.csproj" executed="True" result="Success" success="True" time="1.086" asserts="0">
    <results>
      <test-suite type="Assembly" name="C:\personal-training-martial-arts\personal-training-martial-arts.Tests\bin\Debug\personal-training-martial-arts.Tests.exe" executed="True" result="Success" success="True" time="1.066" asserts="0">
        <results>
          <test-suite type="Namespace" name="personal_training_martial_arts" executed="True" result="Success" success="True" time="1.060" asserts="0">
            <results>
              <test-suite type="Namespace" name="Test" executed="True" result="Success" success="True" time="0.397" asserts="0">
                <results>
                  <test-suite type="TestFixture" name="TestGameCore" executed="True" result="Success" success="True" time="0.227" asserts="0">
                    <results>
                      <test-case name="personal_training_martial_arts.Test.TestGameCore.TestIsTimedOut_False" executed="True" result="Success" success="True" time="0.168" asserts="1" />
                      <test-case name="personal_training_martial_arts.Test.TestGameCore.TestIsTimedOut_True" executed="True" result="Success" success="True" time="0.002" asserts="1" />
                      <test-case name="personal_training_martial_arts.Test.TestGameCore.TestUpdate_StartAtInit" executed="True" result="Success" success="True" time="0.002" asserts="1" />
                    </results>
                  </test-suite>
                  <test-suite type="TestFixture" name="TestPosture" executed="True" result="Success" success="True" time="0.151" asserts="0">
                    <results>
                      <test-case name="personal_training_martial_arts.Test.TestPosture.TestCastSkeletonToJoins" executed="True" result="Success" success="True" time="0.056" asserts="1" />
                      <test-case name="personal_training_martial_arts.Test.TestPosture.TestPostureCompareTo_ClosePosture" executed="True" result="Success" success="True" time="0.020" asserts="1" />
                      <test-case name="personal_training_martial_arts.Test.TestPosture.TestPostureCompareTo_DiffPosture" executed="True" result="Success" success="True" time="0.012" asserts="1" />
                      <test-case name="personal_training_martial_arts.Test.TestPosture.TestPostureCompareTo_SamePosture" executed="True" result="Success" success="True" time="0.023" asserts="1" />
                    </results>
                  </test-suite>
                </results>
              </test-suite>
              <test-suite type="Namespace" name="Tests" executed="True" result="Success" success="True" time="0.654" asserts="0">
                <results>
                  <test-suite type="TestFixture" name="TestGame1" executed="True" result="Success" success="True" time="0.647" asserts="0">
                    <results>
                      <test-case name="personal_training_martial_arts.Tests.TestGame1.TestDiscoverKinectSensor_NotDetected" executed="True" result="Success" success="True" time="0.635" asserts="1" />
                    </results>
                  </test-suite>
                </results>
              </test-suite>
            </results>
          </test-suite>
        </results>
      </test-suite>
    </results>
  </test-suite>
</test-results>