<?xml version="1.0" encoding="utf-8" standalone="no"?>
<!--This file represents the results of running a test suite-->
<test-results name="C:\personal-training-martial-arts\personal-training-martial-arts.Tests\bin\Debug\personal-training-martial-arts.Tests.exe" total="1" errors="0" failures="0" not-run="0" inconclusive="0" ignored="0" skipped="0" invalid="0" date="2012-11-27" time="19:16:23">
  <environment nunit-version="2.6.2.12296" clr-version="2.0.50727.6400" os-version="Microsoft Windows NT 6.2.9200.0" platform="Win32NT" cwd="C:\personal-training-martial-arts\personal-training-martial-arts.Tests\bin\Debug" machine-name="BLACKBONE" user="Luis" user-domain="BlackBone" />
  <culture-info current-culture="es-ES" current-uiculture="en-US" />
  <test-suite type="Assembly" name="C:\personal-training-martial-arts\personal-training-martial-arts.Tests\bin\Debug\personal-training-martial-arts.Tests.exe" executed="True" result="Success" success="True" time="1.126" asserts="0">
    <results>
      <test-suite type="Namespace" name="personal_training_martial_arts" executed="True" result="Success" success="True" time="1.102" asserts="0">
        <results>
          <test-suite type="Namespace" name="Test" executed="True" result="Success" success="True" time="1.102" asserts="0">
            <results>
              <test-suite type="TestFixture" name="TestGameCore" executed="True" result="Success" success="True" time="1.099" asserts="0">
                <results>
                  <test-case name="personal_training_martial_arts.Test.TestGameCore.TestPostureTextFeedback_NoSkeleton" executed="True" result="Success" success="True" time="1.071" asserts="1" />
                </results>
              </test-suite>
            </results>
          </test-suite>
        </results>
      </test-suite>
    </results>
  </test-suite>
</test-results>