<?xml version="1.0" encoding="utf-8" standalone="no"?>
<!--This file represents the results of running a test suite-->
<test-results name="C:\Users\Pablo\Documents\GitHub\personal-training-martial-arts\personal-training-martial-arts.Tests\bin\Debug\personal-training-martial-arts.Tests.exe" total="1" errors="0" failures="0" not-run="0" inconclusive="0" ignored="0" skipped="0" invalid="0" date="2012-10-16" time="15:39:26">
  <environment nunit-version="2.6.1.12217" clr-version="2.0.50727.5456" os-version="Microsoft Windows NT 6.1.7601 Service Pack 1" platform="Win32NT" cwd="C:\Users\Pablo\Documents\GitHub\personal-training-martial-arts\personal-training-martial-arts.Tests\bin\Debug" machine-name="PABLO-PC" user="Pablo" user-domain="Pablo-PC" />
  <culture-info current-culture="es-ES" current-uiculture="es-ES" />
  <test-suite type="Assembly" name="C:\Users\Pablo\Documents\GitHub\personal-training-martial-arts\personal-training-martial-arts.Tests\bin\Debug\personal-training-martial-arts.Tests.exe" executed="True" result="Success" success="True" time="0.921" asserts="0">
    <results>
      <test-suite type="Namespace" name="personal_training_martial_arts" executed="True" result="Success" success="True" time="0.914" asserts="0">
        <results>
          <test-suite type="Namespace" name="Tests" executed="True" result="Success" success="True" time="0.914" asserts="0">
            <results>
              <test-suite type="TestFixture" name="TestGame1" executed="True" result="Success" success="True" time="0.912" asserts="0">
                <results>
                  <test-case name="personal_training_martial_arts.Tests.TestGame1.TestDiscoverKinectSensor_NotDetected" executed="True" result="Success" success="True" time="0.904" asserts="1" />
                </results>
              </test-suite>
            </results>
          </test-suite>
        </results>
      </test-suite>
    </results>
  </test-suite>
</test-results>