<?xml version="1.0" encoding="utf-8" standalone="no"?>
<!--This file represents the results of running a test suite-->
<test-results name="C:\Users\Pablo\Documents\GitHub\personal-training-martial-arts\personal-training-martial-arts.Tests\bin\Debug\personal-training-martial-arts.Tests.exe" total="1" errors="0" failures="1" not-run="0" inconclusive="0" ignored="0" skipped="0" invalid="0" date="2012-10-15" time="12:23:54">
  <environment nunit-version="2.5.10.11092" clr-version="4.0.30319.17929" os-version="Microsoft Windows NT 6.1.7601 Service Pack 1" platform="Win32NT" cwd="C:\Users\Pablo\Documents\GitHub\personal-training-martial-arts\personal-training-martial-arts.Tests\bin\Debug" machine-name="PABLO-PC" user="Pablo" user-domain="Pablo-PC" />
  <culture-info current-culture="es-ES" current-uiculture="es-ES" />
  <test-suite type="Assembly" name="C:\Users\Pablo\Documents\GitHub\personal-training-martial-arts\personal-training-martial-arts.Tests\bin\Debug\personal-training-martial-arts.Tests.exe" executed="True" result="Failure" success="False" time="2099.684" asserts="0">
    <results>
      <test-suite type="Namespace" name="personal_training_martial_arts" executed="True" result="Failure" success="False" time="2099.680" asserts="0">
        <results>
          <test-suite type="Namespace" name="Tests" executed="True" result="Failure" success="False" time="2099.679" asserts="0">
            <results>
              <test-suite type="TestFixture" name="TestGame1" executed="True" result="Failure" success="False" time="2099.679" asserts="0">
                <results>
                  <test-case name="personal_training_martial_arts.Tests.TestGame1.TestDiscoverKinectSensor_NotDetected" executed="True" result="Failure" success="False" time="2099.670" asserts="1">
                    <failure>
                      <message><![CDATA[  Expected string length 19 but was 15. Strings differ at index 7.
  Expected: "KINECT NOT DETECTED"
  But was:  "KINECT DETECTED"
  ------------------^
]]></message>
                      <stack-trace><![CDATA[en personal_training_martial_arts.Tests.TestGame1.TestDiscoverKinectSensor_NotDetected() en C:\Users\Pablo\Documents\GitHub\personal-training-martial-arts\personal-training-martial-arts.Tests\TestFixture.cs:lÃ­nea 31
]]></stack-trace>
                    </failure>
                  </test-case>
                </results>
              </test-suite>
            </results>
          </test-suite>
        </results>
      </test-suite>
    </results>
  </test-suite>
</test-results>